[07-Dec-2024 09:56:04 UTC] PHP Warning:  Undefined array key "motdepasse" in /Applications/MAMP/htdocs/reservations-projet/app/models/UserModel.php on line 69
[07-Dec-2024 09:56:04 UTC] PHP Deprecated:  trim(): Passing null to parameter #1 ($string) of type string is deprecated in /Applications/MAMP/htdocs/reservations-projet/app/models/UserModel.php on line 69
[07-Dec-2024 09:56:04 UTC] Attempting login for email: jean.dupont@example.com
[07-Dec-2024 09:56:04 UTC] Stored password hash: motdepasse1
[07-Dec-2024 09:56:04 UTC] Provided password: 
[07-Dec-2024 09:56:04 UTC] Password verification failed
[07-Dec-2024 09:58:03 UTC] PHP Warning:  Undefined array key "motdepasse" in /Applications/MAMP/htdocs/reservations-projet/app/models/UserModel.php on line 69
[07-Dec-2024 09:58:03 UTC] PHP Deprecated:  trim(): Passing null to parameter #1 ($string) of type string is deprecated in /Applications/MAMP/htdocs/reservations-projet/app/models/UserModel.php on line 69
[07-Dec-2024 09:58:03 UTC] Attempting login for email: jean.dupont@example.com
[07-Dec-2024 09:58:03 UTC] Stored password hash: motdepasse1
[07-Dec-2024 09:58:03 UTC] Provided password: 
[07-Dec-2024 09:58:03 UTC] Password verification failed
[07-Dec-2024 09:58:08 UTC] PHP Warning:  Undefined array key "motdepasse" in /Applications/MAMP/htdocs/reservations-projet/app/models/UserModel.php on line 69
[07-Dec-2024 09:58:08 UTC] PHP Deprecated:  trim(): Passing null to parameter #1 ($string) of type string is deprecated in /Applications/MAMP/htdocs/reservations-projet/app/models/UserModel.php on line 69
[07-Dec-2024 09:58:08 UTC] Attempting login for email: jean.dupont@example.com
[07-Dec-2024 09:58:08 UTC] Stored password hash: motdepasse1
[07-Dec-2024 09:58:08 UTC] Provided password: 
[07-Dec-2024 09:58:08 UTC] Password verification failed
[07-Dec-2024 09:58:14 UTC] PHP Warning:  Undefined array key "motdepasse" in /Applications/MAMP/htdocs/reservations-projet/app/models/UserModel.php on line 69
[07-Dec-2024 09:58:14 UTC] PHP Deprecated:  trim(): Passing null to parameter #1 ($string) of type string is deprecated in /Applications/MAMP/htdocs/reservations-projet/app/models/UserModel.php on line 69
[07-Dec-2024 09:58:14 UTC] Attempting login for email: jean.dupont@example.com
[07-Dec-2024 09:58:14 UTC] Stored password hash: motdepasse1
[07-Dec-2024 09:58:14 UTC] Provided password: 
[07-Dec-2024 09:58:14 UTC] Password verification failed
[07-Dec-2024 09:58:17 UTC] PHP Warning:  Undefined array key "motdepasse" in /Applications/MAMP/htdocs/reservations-projet/app/models/UserModel.php on line 69
[07-Dec-2024 09:58:17 UTC] PHP Deprecated:  trim(): Passing null to parameter #1 ($string) of type string is deprecated in /Applications/MAMP/htdocs/reservations-projet/app/models/UserModel.php on line 69
[07-Dec-2024 09:58:17 UTC] Attempting login for email: jean.dupont@example.com
[07-Dec-2024 09:58:17 UTC] Stored password hash: motdepasse1
[07-Dec-2024 09:58:17 UTC] Provided password: 
[07-Dec-2024 09:58:17 UTC] Password verification failed
[07-Dec-2024 10:02:03 UTC] Missing required fields: Array
(
    [email] => jean.dupont@example.com
    [pwd] => motdepasse1
)

[07-Dec-2024 10:02:08 UTC] Missing required fields: Array
(
    [email] => jean.dupont@example.com
    [pwd] => motdepasse1
)

[07-Dec-2024 10:02:14 UTC] Attempting login for email: jean.dupont@example.com
[07-Dec-2024 10:02:14 UTC] Stored password hash: motdepasse1
[07-Dec-2024 10:02:14 UTC] Provided password: motdepasse1
[07-Dec-2024 10:02:14 UTC] Password verification failed
[07-Dec-2024 10:04:42 UTC] POST data received in index.php:
[07-Dec-2024 10:04:42 UTC] Array
(
    [email] => jean.dupont@example.com
    [motdepasse] => motdepasse1
)

[07-Dec-2024 10:04:42 UTC] Starting login process...
[07-Dec-2024 10:04:42 UTC] POST data in login method: Array
(
    [email] => jean.dupont@example.com
    [motdepasse] => motdepasse1
)

[07-Dec-2024 10:04:42 UTC] Attempting login for email: jean.dupont@example.com
[07-Dec-2024 10:04:42 UTC] User found in database
[07-Dec-2024 10:04:42 UTC] Stored password hash: motdepasse1
[07-Dec-2024 10:04:42 UTC] Provided password (length): 11
[07-Dec-2024 10:04:42 UTC] Password verification failed
[07-Dec-2024 10:04:42 UTC] Login failed
[07-Dec-2024 10:04:42 UTC] Session errors: Array
(
    [0] => Identifiant ou mot de passe incorrect
)

[07-Dec-2024 10:04:46 UTC] POST data received in index.php:
[07-Dec-2024 10:04:46 UTC] Array
(
    [email] => jean.dupont@example.com
    [motdepasse] => motdepasse1
)

[07-Dec-2024 10:04:46 UTC] Starting login process...
[07-Dec-2024 10:04:46 UTC] POST data in login method: Array
(
    [email] => jean.dupont@example.com
    [motdepasse] => motdepasse1
)

[07-Dec-2024 10:04:46 UTC] Attempting login for email: jean.dupont@example.com
[07-Dec-2024 10:04:46 UTC] User found in database
[07-Dec-2024 10:04:46 UTC] Stored password hash: motdepasse1
[07-Dec-2024 10:04:46 UTC] Provided password (length): 11
[07-Dec-2024 10:04:46 UTC] Password verification failed
[07-Dec-2024 10:04:46 UTC] Login failed
[07-Dec-2024 10:04:46 UTC] Session errors: Array
(
    [0] => Identifiant ou mot de passe incorrect
)

[07-Dec-2024 10:08:56 UTC] POST request received with data: Array
(
    [email] => jean.dupont@example.com
    [motdepasse] => motdepasse1
)

[07-Dec-2024 10:08:56 UTC] Starting login process...
[07-Dec-2024 10:08:56 UTC] POST data in login method: Array
(
    [email] => jean.dupont@example.com
    [motdepasse] => motdepasse1
)

[07-Dec-2024 10:08:56 UTC] Attempting login for email: jean.dupont@example.com
[07-Dec-2024 10:08:56 UTC] User found in database
[07-Dec-2024 10:08:56 UTC] Stored password hash: motdepasse1
[07-Dec-2024 10:08:56 UTC] Provided password (length): 11
[07-Dec-2024 10:08:56 UTC] Password verification failed
[07-Dec-2024 10:08:56 UTC] Login result: failure
[07-Dec-2024 10:08:56 UTC] Current session: Array
(
    [errors] => Array
        (
            [0] => Identifiant ou mot de passe incorrect
        )

)

[07-Dec-2024 10:08:56 UTC] All users in database: Array
(
    [0] => User Object
        (
            [id:User:private] => 1
            [nom:User:private] => Dupont
            [prenom:User:private] => Jean
            [email:User:private] => jean.dupont@example.com
            [motdepasse:User:private] => motdepasse1
            [role:User:private] => admin
        )

    [1] => User Object
        (
            [id:User:private] => 2
            [nom:User:private] => Curie
            [prenom:User:private] => Marie
            [email:User:private] => marie.curie@example.com
            [motdepasse:User:private] => motdepasse2
            [role:User:private] => utilisateur
        )

    [2] => User Object
        (
            [id:User:private] => 3
            [nom:User:private] => Einstein
            [prenom:User:private] => Albert
            [email:User:private] => albert.einstein@example.com
            [motdepasse:User:private] => motdepasse3
            [role:User:private] => modérateur
        )

    [3] => User Object
        (
            [id:User:private] => 4
            [nom:User:private] => Newton
            [prenom:User:private] => Isaac
            [email:User:private] => isaac.newton@example.com
            [motdepasse:User:private] => motdepasse4
            [role:User:private] => utilisateur
        )

    [4] => User Object
        (
            [id:User:private] => 5
            [nom:User:private] => Lovelace
            [prenom:User:private] => Ada
            [email:User:private] => ada.lovelace@example.com
            [motdepasse:User:private] => motdepasse5
            [role:User:private] => admin
        )

)

[07-Dec-2024 10:11:44 UTC] POST request received with data: Array
(
    [email] => jean.dupont@example.com
    [motdepasse] => motdepasse1
)

[07-Dec-2024 10:11:44 UTC] Starting login process...
[07-Dec-2024 10:11:44 UTC] POST data in login method: Array
(
    [email] => jean.dupont@example.com
    [motdepasse] => motdepasse1
)

[07-Dec-2024 10:11:44 UTC] Attempting login for email: jean.dupont@example.com
[07-Dec-2024 10:11:44 UTC] User found in database
[07-Dec-2024 10:11:44 UTC] Stored password hash: motdepasse1
[07-Dec-2024 10:11:44 UTC] Provided password: motdepasse1
[07-Dec-2024 10:11:44 UTC] Password verification result: false
[07-Dec-2024 10:11:44 UTC] Password verification failed
[07-Dec-2024 10:11:44 UTC] Login result: failure
[07-Dec-2024 10:11:44 UTC] POST request received with data: Array
(
    [email] => jean.dupont@example.com
    [motdepasse] => motdepasse1
)

[07-Dec-2024 10:11:44 UTC] Starting login process...
[07-Dec-2024 10:11:44 UTC] POST data in login method: Array
(
    [email] => jean.dupont@example.com
    [motdepasse] => motdepasse1
)

[07-Dec-2024 10:11:44 UTC] Attempting login for email: jean.dupont@example.com
[07-Dec-2024 10:11:44 UTC] User found in database
[07-Dec-2024 10:11:44 UTC] Stored password hash: motdepasse1
[07-Dec-2024 10:11:44 UTC] Provided password: motdepasse1
[07-Dec-2024 10:11:44 UTC] Password verification result: false
[07-Dec-2024 10:11:44 UTC] Password verification failed
[07-Dec-2024 10:11:44 UTC] Login result: failure
[07-Dec-2024 10:11:44 UTC] Login failed - Result was false
[07-Dec-2024 10:11:44 UTC] Current session: Array
(
    [errors] => Array
        (
            [0] => Identifiant ou mot de passe incorrect
            [1] => Identifiant ou mot de passe incorrect
            [2] => Login failed
        )

)

[07-Dec-2024 10:11:44 UTC] All users in database: Array
(
    [0] => User Object
        (
            [id:User:private] => 1
            [nom:User:private] => Dupont
            [prenom:User:private] => Jean
            [email:User:private] => jean.dupont@example.com
            [motdepasse:User:private] => motdepasse1
            [role:User:private] => admin
        )

    [1] => User Object
        (
            [id:User:private] => 2
            [nom:User:private] => Curie
            [prenom:User:private] => Marie
            [email:User:private] => marie.curie@example.com
            [motdepasse:User:private] => motdepasse2
            [role:User:private] => utilisateur
        )

    [2] => User Object
        (
            [id:User:private] => 3
            [nom:User:private] => Einstein
            [prenom:User:private] => Albert
            [email:User:private] => albert.einstein@example.com
            [motdepasse:User:private] => motdepasse3
            [role:User:private] => modérateur
        )

    [3] => User Object
        (
            [id:User:private] => 4
            [nom:User:private] => Newton
            [prenom:User:private] => Isaac
            [email:User:private] => isaac.newton@example.com
            [motdepasse:User:private] => motdepasse4
            [role:User:private] => utilisateur
        )

    [4] => User Object
        (
            [id:User:private] => 5
            [nom:User:private] => Lovelace
            [prenom:User:private] => Ada
            [email:User:private] => ada.lovelace@example.com
            [motdepasse:User:private] => motdepasse5
            [role:User:private] => admin
        )

)

[07-Dec-2024 10:11:52 UTC] POST request received with data: Array
(
    [email] => jean.dupont@example.com
    [motdepasse] => motdepasse1
)

[07-Dec-2024 10:11:52 UTC] Starting login process...
[07-Dec-2024 10:11:52 UTC] POST data in login method: Array
(
    [email] => jean.dupont@example.com
    [motdepasse] => motdepasse1
)

[07-Dec-2024 10:11:52 UTC] Attempting login for email: jean.dupont@example.com
[07-Dec-2024 10:11:52 UTC] User found in database
[07-Dec-2024 10:11:52 UTC] Stored password hash: motdepasse1
[07-Dec-2024 10:11:52 UTC] Provided password: motdepasse1
[07-Dec-2024 10:11:52 UTC] Password verification result: false
[07-Dec-2024 10:11:52 UTC] Password verification failed
[07-Dec-2024 10:11:52 UTC] Login result: failure
[07-Dec-2024 10:11:52 UTC] POST request received with data: Array
(
    [email] => jean.dupont@example.com
    [motdepasse] => motdepasse1
)

[07-Dec-2024 10:11:52 UTC] Starting login process...
[07-Dec-2024 10:11:52 UTC] POST data in login method: Array
(
    [email] => jean.dupont@example.com
    [motdepasse] => motdepasse1
)

[07-Dec-2024 10:11:52 UTC] Attempting login for email: jean.dupont@example.com
[07-Dec-2024 10:11:52 UTC] User found in database
[07-Dec-2024 10:11:52 UTC] Stored password hash: motdepasse1
[07-Dec-2024 10:11:52 UTC] Provided password: motdepasse1
[07-Dec-2024 10:11:52 UTC] Password verification result: false
[07-Dec-2024 10:11:52 UTC] Password verification failed
[07-Dec-2024 10:11:52 UTC] Login result: failure
[07-Dec-2024 10:11:52 UTC] Login failed - Result was false
[07-Dec-2024 10:11:52 UTC] Current session: Array
(
    [errors] => Array
        (
            [0] => Identifiant ou mot de passe incorrect
            [1] => Identifiant ou mot de passe incorrect
            [2] => Login failed
        )

)

[07-Dec-2024 10:11:52 UTC] All users in database: Array
(
    [0] => User Object
        (
            [id:User:private] => 1
            [nom:User:private] => Dupont
            [prenom:User:private] => Jean
            [email:User:private] => jean.dupont@example.com
            [motdepasse:User:private] => motdepasse1
            [role:User:private] => admin
        )

    [1] => User Object
        (
            [id:User:private] => 2
            [nom:User:private] => Curie
            [prenom:User:private] => Marie
            [email:User:private] => marie.curie@example.com
            [motdepasse:User:private] => motdepasse2
            [role:User:private] => utilisateur
        )

    [2] => User Object
        (
            [id:User:private] => 3
            [nom:User:private] => Einstein
            [prenom:User:private] => Albert
            [email:User:private] => albert.einstein@example.com
            [motdepasse:User:private] => motdepasse3
            [role:User:private] => modérateur
        )

    [3] => User Object
        (
            [id:User:private] => 4
            [nom:User:private] => Newton
            [prenom:User:private] => Isaac
            [email:User:private] => isaac.newton@example.com
            [motdepasse:User:private] => motdepasse4
            [role:User:private] => utilisateur
        )

    [4] => User Object
        (
            [id:User:private] => 5
            [nom:User:private] => Lovelace
            [prenom:User:private] => Ada
            [email:User:private] => ada.lovelace@example.com
            [motdepasse:User:private] => motdepasse5
            [role:User:private] => admin
        )

)

[07-Dec-2024 10:13:12 UTC] POST request received with data: Array
(
    [email] => jean.dupont@example.com
    [motdepasse] => motdepasse1
)

[07-Dec-2024 10:13:12 UTC] Starting login process...
[07-Dec-2024 10:13:12 UTC] POST data in login method: Array
(
    [email] => jean.dupont@example.com
    [motdepasse] => motdepasse1
)

[07-Dec-2024 10:13:12 UTC] Attempting login for email: jean.dupont@example.com
[07-Dec-2024 10:13:12 UTC] User found in database
[07-Dec-2024 10:13:12 UTC] Stored password hash: motdepasse1
[07-Dec-2024 10:13:12 UTC] Provided password: motdepasse1
[07-Dec-2024 10:13:12 UTC] Password verification result: false
[07-Dec-2024 10:13:12 UTC] Password verification failed
[07-Dec-2024 10:13:12 UTC] Login result: failure
[07-Dec-2024 10:13:12 UTC] Login failed - Result was false
[07-Dec-2024 10:13:12 UTC] Current session: Array
(
    [errors] => Array
        (
            [0] => Identifiant ou mot de passe incorrect
            [1] => Identifiant ou mot de passe incorrect
        )

)

[07-Dec-2024 10:13:12 UTC] All users in database: Array
(
    [0] => User Object
        (
            [id:User:private] => 1
            [nom:User:private] => Dupont
            [prenom:User:private] => Jean
            [email:User:private] => jean.dupont@example.com
            [motdepasse:User:private] => motdepasse1
            [role:User:private] => admin
        )

    [1] => User Object
        (
            [id:User:private] => 2
            [nom:User:private] => Curie
            [prenom:User:private] => Marie
            [email:User:private] => marie.curie@example.com
            [motdepasse:User:private] => motdepasse2
            [role:User:private] => utilisateur
        )

    [2] => User Object
        (
            [id:User:private] => 3
            [nom:User:private] => Einstein
            [prenom:User:private] => Albert
            [email:User:private] => albert.einstein@example.com
            [motdepasse:User:private] => motdepasse3
            [role:User:private] => modérateur
        )

    [3] => User Object
        (
            [id:User:private] => 4
            [nom:User:private] => Newton
            [prenom:User:private] => Isaac
            [email:User:private] => isaac.newton@example.com
            [motdepasse:User:private] => motdepasse4
            [role:User:private] => utilisateur
        )

    [4] => User Object
        (
            [id:User:private] => 5
            [nom:User:private] => Lovelace
            [prenom:User:private] => Ada
            [email:User:private] => ada.lovelace@example.com
            [motdepasse:User:private] => motdepasse5
            [role:User:private] => admin
        )

)

[07-Dec-2024 10:13:12 UTC] PHP Fatal error:  Uncaught Error: Cannot access protected property UserModel::$co in /Applications/MAMP/htdocs/reservations-projet/index.php:69
Stack trace:
#0 {main}
  thrown in /Applications/MAMP/htdocs/reservations-projet/index.php on line 69
[07-Dec-2024 10:15:02 UTC] PHP Fatal error:  Uncaught Error: Call to undefined method UserModel::getConnection() in /Applications/MAMP/htdocs/reservations-projet/app/models/UserModel.php:17
Stack trace:
#0 /Applications/MAMP/htdocs/reservations-projet/index.php(29): UserModel->__construct()
#1 {main}
  thrown in /Applications/MAMP/htdocs/reservations-projet/app/models/UserModel.php on line 17
[07-Dec-2024 10:15:15 UTC] POST request received with data: Array
(
    [email] => jean.dupont@example.com
    [motdepasse] => motdepasse1
)

[07-Dec-2024 10:15:15 UTC] Starting login process...
[07-Dec-2024 10:15:15 UTC] POST data in login method: Array
(
    [email] => jean.dupont@example.com
    [motdepasse] => motdepasse1
)

[07-Dec-2024 10:15:15 UTC] Attempting login for email: jean.dupont@example.com
[07-Dec-2024 10:15:15 UTC] User found in database
[07-Dec-2024 10:15:15 UTC] Stored password hash: motdepasse1
[07-Dec-2024 10:15:15 UTC] Provided password: motdepasse1
[07-Dec-2024 10:15:15 UTC] Password verification result: false
[07-Dec-2024 10:15:15 UTC] Password verification failed
[07-Dec-2024 10:15:15 UTC] Login result: failure
[07-Dec-2024 10:15:15 UTC] Login failed - Result was false
[07-Dec-2024 10:15:15 UTC] Current session: Array
(
    [errors] => Array
        (
            [0] => Identifiant ou mot de passe incorrect
            [1] => Identifiant ou mot de passe incorrect
            [2] => Identifiant ou mot de passe incorrect
            [3] => Identifiant ou mot de passe incorrect
        )

)

[07-Dec-2024 10:15:15 UTC] All users in database: Array
(
    [0] => User Object
        (
            [id:User:private] => 1
            [nom:User:private] => Dupont
            [prenom:User:private] => Jean
            [email:User:private] => jean.dupont@example.com
            [motdepasse:User:private] => motdepasse1
            [role:User:private] => admin
        )

    [1] => User Object
        (
            [id:User:private] => 2
            [nom:User:private] => Curie
            [prenom:User:private] => Marie
            [email:User:private] => marie.curie@example.com
            [motdepasse:User:private] => motdepasse2
            [role:User:private] => utilisateur
        )

    [2] => User Object
        (
            [id:User:private] => 3
            [nom:User:private] => Einstein
            [prenom:User:private] => Albert
            [email:User:private] => albert.einstein@example.com
            [motdepasse:User:private] => motdepasse3
            [role:User:private] => modérateur
        )

    [3] => User Object
        (
            [id:User:private] => 4
            [nom:User:private] => Newton
            [prenom:User:private] => Isaac
            [email:User:private] => isaac.newton@example.com
            [motdepasse:User:private] => motdepasse4
            [role:User:private] => utilisateur
        )

    [4] => User Object
        (
            [id:User:private] => 5
            [nom:User:private] => Lovelace
            [prenom:User:private] => Ada
            [email:User:private] => ada.lovelace@example.com
            [motdepasse:User:private] => motdepasse5
            [role:User:private] => admin
        )

)

[07-Dec-2024 10:15:15 UTC] PHP Fatal error:  Uncaught Error: Cannot access protected property UserModel::$co in /Applications/MAMP/htdocs/reservations-projet/index.php:69
Stack trace:
#0 {main}
  thrown in /Applications/MAMP/htdocs/reservations-projet/index.php on line 69
[07-Dec-2024 10:16:19 UTC] POST request received with data: Array
(
    [email] => jean.dupont@example.com
    [motdepasse] => motdepasse1
)

[07-Dec-2024 10:16:19 UTC] Starting login process...
[07-Dec-2024 10:16:19 UTC] POST data in login method: Array
(
    [email] => jean.dupont@example.com
    [motdepasse] => motdepasse1
)

[07-Dec-2024 10:16:19 UTC] Attempting login for email: jean.dupont@example.com
[07-Dec-2024 10:16:19 UTC] User found in database
[07-Dec-2024 10:16:19 UTC] Stored password hash: motdepasse1
[07-Dec-2024 10:16:19 UTC] Provided password: motdepasse1
[07-Dec-2024 10:16:19 UTC] Password verification result: false
[07-Dec-2024 10:16:19 UTC] Password verification failed
[07-Dec-2024 10:16:19 UTC] Login result: failure
[07-Dec-2024 10:16:19 UTC] Login failed - Result was false
[07-Dec-2024 10:16:19 UTC] Current session: Array
(
    [errors] => Array
        (
            [0] => Identifiant ou mot de passe incorrect
            [1] => Identifiant ou mot de passe incorrect
            [2] => Identifiant ou mot de passe incorrect
            [3] => Identifiant ou mot de passe incorrect
            [4] => Identifiant ou mot de passe incorrect
            [5] => Identifiant ou mot de passe incorrect
        )

)

[07-Dec-2024 10:16:19 UTC] All users in database: Array
(
    [0] => User Object
        (
            [id:User:private] => 1
            [nom:User:private] => Dupont
            [prenom:User:private] => Jean
            [email:User:private] => jean.dupont@example.com
            [motdepasse:User:private] => motdepasse1
            [role:User:private] => admin
        )

    [1] => User Object
        (
            [id:User:private] => 2
            [nom:User:private] => Curie
            [prenom:User:private] => Marie
            [email:User:private] => marie.curie@example.com
            [motdepasse:User:private] => motdepasse2
            [role:User:private] => utilisateur
        )

    [2] => User Object
        (
            [id:User:private] => 3
            [nom:User:private] => Einstein
            [prenom:User:private] => Albert
            [email:User:private] => albert.einstein@example.com
            [motdepasse:User:private] => motdepasse3
            [role:User:private] => modérateur
        )

    [3] => User Object
        (
            [id:User:private] => 4
            [nom:User:private] => Newton
            [prenom:User:private] => Isaac
            [email:User:private] => isaac.newton@example.com
            [motdepasse:User:private] => motdepasse4
            [role:User:private] => utilisateur
        )

    [4] => User Object
        (
            [id:User:private] => 5
            [nom:User:private] => Lovelace
            [prenom:User:private] => Ada
            [email:User:private] => ada.lovelace@example.com
            [motdepasse:User:private] => motdepasse5
            [role:User:private] => admin
        )

)

[07-Dec-2024 10:16:19 UTC] PHP Fatal error:  Uncaught Error: Cannot access protected property UserModel::$co in /Applications/MAMP/htdocs/reservations-projet/index.php:69
Stack trace:
#0 {main}
  thrown in /Applications/MAMP/htdocs/reservations-projet/index.php on line 69
[07-Dec-2024 10:16:35 UTC] POST request received with data: Array
(
    [email] => jean.dupont@example.com
    [motdepasse] => motdepasse1
)

[07-Dec-2024 10:16:35 UTC] Starting login process...
[07-Dec-2024 10:16:35 UTC] POST data in login method: Array
(
    [email] => jean.dupont@example.com
    [motdepasse] => motdepasse1
)

[07-Dec-2024 10:16:35 UTC] Attempting login for email: jean.dupont@example.com
[07-Dec-2024 10:16:35 UTC] User found in database
[07-Dec-2024 10:16:35 UTC] Stored password hash: motdepasse1
[07-Dec-2024 10:16:35 UTC] Provided password: motdepasse1
[07-Dec-2024 10:16:35 UTC] Password verification result: false
[07-Dec-2024 10:16:35 UTC] Password verification failed
[07-Dec-2024 10:16:35 UTC] Login result: failure
[07-Dec-2024 10:16:35 UTC] Login failed - Result was false
[07-Dec-2024 10:16:35 UTC] Current session: Array
(
    [errors] => Array
        (
            [0] => Identifiant ou mot de passe incorrect
            [1] => Identifiant ou mot de passe incorrect
            [2] => Identifiant ou mot de passe incorrect
            [3] => Identifiant ou mot de passe incorrect
            [4] => Identifiant ou mot de passe incorrect
            [5] => Identifiant ou mot de passe incorrect
            [6] => Identifiant ou mot de passe incorrect
            [7] => Identifiant ou mot de passe incorrect
        )

)

[07-Dec-2024 10:16:35 UTC] All users in database: Array
(
    [0] => User Object
        (
            [id:User:private] => 1
            [nom:User:private] => Dupont
            [prenom:User:private] => Jean
            [email:User:private] => jean.dupont@example.com
            [motdepasse:User:private] => motdepasse1
            [role:User:private] => admin
        )

    [1] => User Object
        (
            [id:User:private] => 2
            [nom:User:private] => Curie
            [prenom:User:private] => Marie
            [email:User:private] => marie.curie@example.com
            [motdepasse:User:private] => motdepasse2
            [role:User:private] => utilisateur
        )

    [2] => User Object
        (
            [id:User:private] => 3
            [nom:User:private] => Einstein
            [prenom:User:private] => Albert
            [email:User:private] => albert.einstein@example.com
            [motdepasse:User:private] => motdepasse3
            [role:User:private] => modérateur
        )

    [3] => User Object
        (
            [id:User:private] => 4
            [nom:User:private] => Newton
            [prenom:User:private] => Isaac
            [email:User:private] => isaac.newton@example.com
            [motdepasse:User:private] => motdepasse4
            [role:User:private] => utilisateur
        )

    [4] => User Object
        (
            [id:User:private] => 5
            [nom:User:private] => Lovelace
            [prenom:User:private] => Ada
            [email:User:private] => ada.lovelace@example.com
            [motdepasse:User:private] => motdepasse5
            [role:User:private] => admin
        )

)

[07-Dec-2024 10:16:35 UTC] PHP Fatal error:  Uncaught Error: Cannot access protected property UserModel::$co in /Applications/MAMP/htdocs/reservations-projet/index.php:69
Stack trace:
#0 {main}
  thrown in /Applications/MAMP/htdocs/reservations-projet/index.php on line 69
[07-Dec-2024 10:18:01 UTC] POST request received with data: Array
(
    [email] => jean.dupont@example.com
    [motdepasse] => motdepasse1
)

[07-Dec-2024 10:18:01 UTC] Starting login process...
[07-Dec-2024 10:18:01 UTC] POST data in login method: Array
(
    [email] => jean.dupont@example.com
    [motdepasse] => motdepasse1
)

[07-Dec-2024 10:18:01 UTC] Attempting login for email: jean.dupont@example.com
[07-Dec-2024 10:18:01 UTC] User found in database
[07-Dec-2024 10:18:01 UTC] Stored password hash: motdepasse1
[07-Dec-2024 10:18:01 UTC] Provided password: motdepasse1
[07-Dec-2024 10:18:01 UTC] Password verification result: false
[07-Dec-2024 10:18:01 UTC] Password verification failed
[07-Dec-2024 10:18:01 UTC] Login result: failure
[07-Dec-2024 10:18:01 UTC] Login failed - Result was false
[07-Dec-2024 10:18:01 UTC] Current session: Array
(
    [errors] => Array
        (
            [0] => Identifiant ou mot de passe incorrect
            [1] => Identifiant ou mot de passe incorrect
        )

)

[07-Dec-2024 10:18:01 UTC] All users in database: Array
(
    [0] => User Object
        (
            [id:User:private] => 1
            [nom:User:private] => Dupont
            [prenom:User:private] => Jean
            [email:User:private] => jean.dupont@example.com
            [motdepasse:User:private] => motdepasse1
            [role:User:private] => admin
        )

    [1] => User Object
        (
            [id:User:private] => 2
            [nom:User:private] => Curie
            [prenom:User:private] => Marie
            [email:User:private] => marie.curie@example.com
            [motdepasse:User:private] => motdepasse2
            [role:User:private] => utilisateur
        )

    [2] => User Object
        (
            [id:User:private] => 3
            [nom:User:private] => Einstein
            [prenom:User:private] => Albert
            [email:User:private] => albert.einstein@example.com
            [motdepasse:User:private] => motdepasse3
            [role:User:private] => modérateur
        )

    [3] => User Object
        (
            [id:User:private] => 4
            [nom:User:private] => Newton
            [prenom:User:private] => Isaac
            [email:User:private] => isaac.newton@example.com
            [motdepasse:User:private] => motdepasse4
            [role:User:private] => utilisateur
        )

    [4] => User Object
        (
            [id:User:private] => 5
            [nom:User:private] => Lovelace
            [prenom:User:private] => Ada
            [email:User:private] => ada.lovelace@example.com
            [motdepasse:User:private] => motdepasse5
            [role:User:private] => admin
        )

)

[07-Dec-2024 10:18:01 UTC] PHP Fatal error:  Uncaught Error: Call to protected method Bdd::getConnection() from global scope in /Applications/MAMP/htdocs/reservations-projet/index.php:74
Stack trace:
#0 {main}
  thrown in /Applications/MAMP/htdocs/reservations-projet/index.php on line 74
[07-Dec-2024 10:23:16 UTC] POST request received with data: Array
(
    [email] => jean.dupont@example.com
    [motdepasse] => motdepasse1
)

[07-Dec-2024 10:23:16 UTC] Starting login process...
[07-Dec-2024 10:23:16 UTC] POST data in login method: Array
(
    [email] => jean.dupont@example.com
    [motdepasse] => motdepasse1
)

[07-Dec-2024 10:23:16 UTC] Attempting login for email: jean.dupont@example.com
[07-Dec-2024 10:23:16 UTC] User found in database
[07-Dec-2024 10:23:16 UTC] Stored password hash: motdepasse1
[07-Dec-2024 10:23:16 UTC] Provided password: motdepasse1
[07-Dec-2024 10:23:16 UTC] Password verification result: false
[07-Dec-2024 10:23:16 UTC] Password verification failed
[07-Dec-2024 10:23:16 UTC] Login result: failure
[07-Dec-2024 10:23:16 UTC] Login failed - Result was false
[07-Dec-2024 10:23:16 UTC] Current session: Array
(
    [errors] => Array
        (
            [0] => Identifiant ou mot de passe incorrect
            [1] => Identifiant ou mot de passe incorrect
        )

)

[07-Dec-2024 10:23:16 UTC] All users in database: Array
(
    [0] => User Object
        (
            [id:User:private] => 1
            [nom:User:private] => Dupont
            [prenom:User:private] => Jean
            [email:User:private] => jean.dupont@example.com
            [motdepasse:User:private] => motdepasse1
            [role:User:private] => admin
        )

    [1] => User Object
        (
            [id:User:private] => 2
            [nom:User:private] => Curie
            [prenom:User:private] => Marie
            [email:User:private] => marie.curie@example.com
            [motdepasse:User:private] => motdepasse2
            [role:User:private] => utilisateur
        )

    [2] => User Object
        (
            [id:User:private] => 3
            [nom:User:private] => Einstein
            [prenom:User:private] => Albert
            [email:User:private] => albert.einstein@example.com
            [motdepasse:User:private] => motdepasse3
            [role:User:private] => modérateur
        )

    [3] => User Object
        (
            [id:User:private] => 4
            [nom:User:private] => Newton
            [prenom:User:private] => Isaac
            [email:User:private] => isaac.newton@example.com
            [motdepasse:User:private] => motdepasse4
            [role:User:private] => utilisateur
        )

    [4] => User Object
        (
            [id:User:private] => 5
            [nom:User:private] => Lovelace
            [prenom:User:private] => Ada
            [email:User:private] => ada.lovelace@example.com
            [motdepasse:User:private] => motdepasse5
            [role:User:private] => admin
        )

)

[07-Dec-2024 10:23:16 UTC] Database user data: Array
(
    [email] => jean.dupont@example.com
    [motdepasse] => motdepasse1
)

[07-Dec-2024 10:23:16 UTC] Database user data: Array
(
    [email] => jean.dupont@example.com
    [motdepasse] => motdepasse1
)

[07-Dec-2024 10:23:23 UTC] POST request received with data: Array
(
    [email] => jean.dupont@example.com
    [motdepasse] => motdepasse1
)

[07-Dec-2024 10:23:23 UTC] Starting login process...
[07-Dec-2024 10:23:23 UTC] POST data in login method: Array
(
    [email] => jean.dupont@example.com
    [motdepasse] => motdepasse1
)

[07-Dec-2024 10:23:23 UTC] Attempting login for email: jean.dupont@example.com
[07-Dec-2024 10:23:23 UTC] User found in database
[07-Dec-2024 10:23:23 UTC] Stored password hash: motdepasse1
[07-Dec-2024 10:23:23 UTC] Provided password: motdepasse1
[07-Dec-2024 10:23:23 UTC] Password verification result: false
[07-Dec-2024 10:23:23 UTC] Password verification failed
[07-Dec-2024 10:23:23 UTC] Login result: failure
[07-Dec-2024 10:23:23 UTC] Login failed - Result was false
[07-Dec-2024 10:23:23 UTC] Current session: Array
(
    [errors] => Array
        (
            [0] => Identifiant ou mot de passe incorrect
            [1] => Identifiant ou mot de passe incorrect
        )

)

[07-Dec-2024 10:23:23 UTC] All users in database: Array
(
    [0] => User Object
        (
            [id:User:private] => 1
            [nom:User:private] => Dupont
            [prenom:User:private] => Jean
            [email:User:private] => jean.dupont@example.com
            [motdepasse:User:private] => motdepasse1
            [role:User:private] => admin
        )

    [1] => User Object
        (
            [id:User:private] => 2
            [nom:User:private] => Curie
            [prenom:User:private] => Marie
            [email:User:private] => marie.curie@example.com
            [motdepasse:User:private] => motdepasse2
            [role:User:private] => utilisateur
        )

    [2] => User Object
        (
            [id:User:private] => 3
            [nom:User:private] => Einstein
            [prenom:User:private] => Albert
            [email:User:private] => albert.einstein@example.com
            [motdepasse:User:private] => motdepasse3
            [role:User:private] => modérateur
        )

    [3] => User Object
        (
            [id:User:private] => 4
            [nom:User:private] => Newton
            [prenom:User:private] => Isaac
            [email:User:private] => isaac.newton@example.com
            [motdepasse:User:private] => motdepasse4
            [role:User:private] => utilisateur
        )

    [4] => User Object
        (
            [id:User:private] => 5
            [nom:User:private] => Lovelace
            [prenom:User:private] => Ada
            [email:User:private] => ada.lovelace@example.com
            [motdepasse:User:private] => motdepasse5
            [role:User:private] => admin
        )

)

[07-Dec-2024 10:23:23 UTC] Database user data: Array
(
    [email] => jean.dupont@example.com
    [motdepasse] => motdepasse1
)

[07-Dec-2024 10:23:23 UTC] Database user data: Array
(
    [email] => jean.dupont@example.com
    [motdepasse] => motdepasse1
)

